<?xml version="1.0" encoding="UTF-8"?>
<testng-results ignored="0" total="1" passed="1" failed="0" skipped="0">
  <reporter-output>
  </reporter-output>
  <suite started-at="2025-05-05T20:41:30 IST" name="Default suite" finished-at="2025-05-05T20:41:57 IST" duration-ms="26455">
    <groups>
    </groups>
    <test started-at="2025-05-05T20:41:30 IST" name="Default test" finished-at="2025-05-05T20:41:57 IST" duration-ms="26455">
      <class name="Com.Login_Test.Login_Register_Test">
        <test-method is-config="true" signature="setup()[pri:0, instance:Com.Login_Test.Login_Register_Test@26e356f0]" started-at="2025-05-05T20:41:30 IST" name="setup" finished-at="2025-05-05T20:41:37 IST" duration-ms="7189" status="PASS">
          <reporter-output>
          </reporter-output>
        </test-method> <!-- setup -->
        <test-method signature="Register_Page()[pri:0, instance:Com.Login_Test.Login_Register_Test@26e356f0]" started-at="2025-05-05T20:41:37 IST" name="Register_Page" finished-at="2025-05-05T20:41:55 IST" duration-ms="17563" status="PASS">
          <reporter-output>
          </reporter-output>
        </test-method> <!-- Register_Page -->
        <test-method is-config="true" signature="tearDown()[pri:0, instance:Com.Login_Test.Login_Register_Test@26e356f0]" started-at="2025-05-05T20:41:55 IST" name="tearDown" finished-at="2025-05-05T20:41:57 IST" duration-ms="1636" status="PASS">
          <reporter-output>
          </reporter-output>
        </test-method> <!-- tearDown -->
      </class> <!-- Com.Login_Test.Login_Register_Test -->
    </test> <!-- Default test -->
  </suite> <!-- Default suite -->
</testng-results>
